22/12/09 10:37:20 239 [debug]: ------------------------------------------------
22/12/09 10:37:20 241 [debug]: |             Start Express Server             |
22/12/09 10:37:20 242 [debug]: ------------------------------------------------
22/12/09 10:37:20 242 [debug]: server address => http://172.18.112.1:undefined
22/12/09 10:37:20 243 [debug]: server address => http://192.168.35.247:undefined
22/12/09 10:37:20 243 [debug]: ------------------------------------------------
22/12/09 10:39:55 146 [debug]: ------------------------------------------------
22/12/09 10:39:55 148 [debug]: |             Start Express Server             |
22/12/09 10:39:55 149 [debug]: ------------------------------------------------
22/12/09 10:39:55 150 [debug]: server address => http://172.18.112.1:undefined
22/12/09 10:39:55 150 [debug]: server address => http://192.168.35.247:undefined
22/12/09 10:39:55 151 [debug]: ------------------------------------------------
22/12/09 10:43:50 281 [debug]: ------------------------------------------------
22/12/09 10:43:50 284 [debug]: |             Start Express Server             |
22/12/09 10:43:50 285 [debug]: ------------------------------------------------
22/12/09 10:43:50 285 [debug]: server address => http://172.18.112.1:undefined
22/12/09 10:43:50 286 [debug]: server address => http://192.168.35.247:undefined
22/12/09 10:43:50 287 [debug]: ------------------------------------------------
22/12/09 10:47:34 634 [debug]: 백엔드가 종료되었습니다.
22/12/09 10:47:46 831 [debug]: ------------------------------------------------
22/12/09 10:47:46 833 [debug]: |             Start Express Server             |
22/12/09 10:47:46 834 [debug]: ------------------------------------------------
22/12/09 10:47:46 835 [debug]: server address => http://172.18.112.1:3001
22/12/09 10:47:46 836 [debug]: server address => http://192.168.35.247:3001
22/12/09 10:47:46 836 [debug]: ------------------------------------------------
22/12/09 10:47:51 001 [debug]: 클라이언트가 접속했습니다.
22/12/09 10:47:51 003 [debug]: [GET] http://localhost:3001/
22/12/09 10:48:27 328 [debug]: 클라이언트가 접속했습니다.
22/12/09 10:48:27 329 [debug]: [GET] http://localhost:3001/
22/12/09 10:49:43 688 [debug]: 백엔드가 종료되었습니다.
22/12/09 10:50:11 078 [debug]: 백엔드가 종료되었습니다.
22/12/09 10:50:11 365 [debug]: ------------------------------------------------
22/12/09 10:50:11 368 [debug]: |             Start Express Server             |
22/12/09 10:50:11 369 [debug]: ------------------------------------------------
22/12/09 10:50:11 369 [debug]: server address => http://172.18.112.1:3001
22/12/09 10:50:11 370 [debug]: server address => http://192.168.35.247:3001
22/12/09 10:50:11 370 [debug]: ------------------------------------------------
22/12/09 10:50:26 816 [debug]: 클라이언트가 접속했습니다.
22/12/09 10:50:26 818 [debug]: [GET] http://localhost:3001/
22/12/09 10:50:26 826 [debug]: 클라이언트의 접속이 종료되었습니다. ::: [runtime] 9ms
22/12/09 10:50:26 827 [debug]: --------------------------------------------------------
22/12/09 10:51:18 815 [debug]: 백엔드가 종료되었습니다.
22/12/09 10:51:33 049 [debug]: ------------------------------------------------
22/12/09 10:51:33 052 [debug]: |             Start Express Server             |
22/12/09 10:51:33 052 [debug]: ------------------------------------------------
22/12/09 10:51:33 053 [debug]: server address => http://172.18.112.1:3001
22/12/09 10:51:33 054 [debug]: server address => http://192.168.35.247:3001
22/12/09 10:51:33 054 [debug]: ------------------------------------------------
22/12/09 10:51:42 257 [debug]: 클라이언트가 접속했습니다.
22/12/09 10:51:42 258 [debug]: [GET] http://localhost:3001/
22/12/09 10:51:42 265 [debug]: 클라이언트의 접속이 종료되었습니다. ::: [runtime] 7ms
22/12/09 10:51:42 266 [debug]: --------------------------------------------------------
22/12/09 10:51:51 964 [debug]: 클라이언트가 접속했습니다.
22/12/09 10:51:51 965 [debug]: [GET] http://localhost:3001/
22/12/09 10:51:51 966 [debug]: 클라이언트의 접속이 종료되었습니다. ::: [runtime] 2ms
22/12/09 10:51:51 966 [debug]: --------------------------------------------------------
22/12/09 10:51:53 480 [debug]: 클라이언트가 접속했습니다.
22/12/09 10:51:53 480 [debug]: [GET] http://localhost:3001/
22/12/09 10:51:53 482 [debug]: 클라이언트의 접속이 종료되었습니다. ::: [runtime] 2ms
22/12/09 10:51:53 483 [debug]: --------------------------------------------------------
22/12/09 10:51:53 977 [debug]: 클라이언트가 접속했습니다.
22/12/09 10:51:53 977 [debug]: [GET] http://localhost:3001/
22/12/09 10:51:53 978 [debug]: 클라이언트의 접속이 종료되었습니다. ::: [runtime] 1ms
22/12/09 10:51:53 979 [debug]: --------------------------------------------------------
22/12/09 10:51:54 635 [debug]: 클라이언트가 접속했습니다.
22/12/09 10:51:54 636 [debug]: [GET] http://localhost:3001/
22/12/09 10:51:54 637 [debug]: 클라이언트의 접속이 종료되었습니다. ::: [runtime] 1ms
22/12/09 10:51:54 637 [debug]: --------------------------------------------------------
22/12/09 10:51:59 251 [debug]: 클라이언트가 접속했습니다.
22/12/09 10:51:59 252 [debug]: [GET] http://localhost:3001/
22/12/09 10:51:59 253 [debug]: 클라이언트의 접속이 종료되었습니다. ::: [runtime] 1ms
22/12/09 10:51:59 253 [debug]: --------------------------------------------------------
22/12/09 10:52:08 832 [debug]: 백엔드가 종료되었습니다.
22/12/09 10:52:22 301 [debug]: ------------------------------------------------
22/12/09 10:52:22 303 [debug]: |             Start Express Server             |
22/12/09 10:52:22 304 [debug]: ------------------------------------------------
22/12/09 10:52:22 305 [debug]: server address => http://172.18.112.1:3001
22/12/09 10:52:22 305 [debug]: server address => http://192.168.35.247:3001
22/12/09 10:52:22 306 [debug]: ------------------------------------------------
22/12/09 10:52:26 427 [debug]: 클라이언트가 접속했습니다.
22/12/09 10:52:26 428 [debug]: [GET] http://localhost:3001/
22/12/09 10:52:26 435 [debug]: 클라이언트의 접속이 종료되었습니다. ::: [runtime] 8ms
22/12/09 10:52:26 436 [debug]: --------------------------------------------------------
22/12/09 10:52:31 048 [debug]: 클라이언트가 접속했습니다.
22/12/09 10:52:31 049 [debug]: [GET] http://localhost:3001/
22/12/09 10:52:31 050 [debug]: 클라이언트의 접속이 종료되었습니다. ::: [runtime] 1ms
22/12/09 10:52:31 051 [debug]: --------------------------------------------------------
22/12/09 10:52:32 517 [debug]: 클라이언트가 접속했습니다.
22/12/09 10:52:32 518 [debug]: [GET] http://localhost:3001/
22/12/09 10:52:32 520 [debug]: 클라이언트의 접속이 종료되었습니다. ::: [runtime] 2ms
22/12/09 10:52:32 520 [debug]: --------------------------------------------------------
22/12/09 10:52:38 790 [debug]: 클라이언트가 접속했습니다.
22/12/09 10:52:38 791 [debug]: [GET] http://localhost:3001/
22/12/09 10:52:38 792 [debug]: 클라이언트의 접속이 종료되었습니다. ::: [runtime] 2ms
22/12/09 10:52:38 793 [debug]: --------------------------------------------------------
22/12/09 11:45:54 515 [debug]: ------------------------------------------------
22/12/09 11:45:54 517 [debug]: |             Start Express Server             |
22/12/09 11:45:54 518 [debug]: ------------------------------------------------
22/12/09 11:45:54 518 [debug]: server address => http://172.18.112.1:3001
22/12/09 11:45:54 518 [debug]: server address => http://192.168.35.247:3001
22/12/09 11:45:54 519 [debug]: ------------------------------------------------
22/12/09 11:58:17 508 [debug]: ------------------------------------------------
22/12/09 11:58:17 510 [debug]: |             Start Express Server             |
22/12/09 11:58:17 510 [debug]: ------------------------------------------------
22/12/09 11:58:17 511 [debug]: server address => http://172.18.112.1:3001
22/12/09 11:58:17 511 [debug]: server address => http://192.168.35.247:3001
22/12/09 11:58:17 512 [debug]: ------------------------------------------------
22/12/09 11:58:28 125 [debug]: 클라이언트가 접속했습니다.
22/12/09 11:58:28 126 [debug]: [GET] http://localhost:3001/
22/12/09 12:00:07 322 [debug]: 클라이언트가 접속했습니다.
22/12/09 12:00:07 323 [debug]: [GET] http://localhost:3001/
22/12/09 12:00:19 249 [debug]: 백엔드가 종료되었습니다.
22/12/09 12:00:24 523 [debug]: ------------------------------------------------
22/12/09 12:00:24 526 [debug]: |             Start Express Server             |
22/12/09 12:00:24 527 [debug]: ------------------------------------------------
22/12/09 12:00:24 527 [debug]: server address => http://172.18.112.1:3001
22/12/09 12:00:24 528 [debug]: server address => http://192.168.35.247:3001
22/12/09 12:00:24 528 [debug]: ------------------------------------------------
22/12/09 12:00:27 125 [debug]: 클라이언트가 접속했습니다.
22/12/09 12:00:27 126 [debug]: @@@@@@ [object Object]
22/12/09 12:00:27 127 [debug]: [GET] http://localhost:3001/
22/12/09 12:01:08 387 [debug]: 백엔드가 종료되었습니다.
22/12/09 12:01:22 225 [debug]: ------------------------------------------------
22/12/09 12:01:22 227 [debug]: |             Start Express Server             |
22/12/09 12:01:22 228 [debug]: ------------------------------------------------
22/12/09 12:01:22 228 [debug]: server address => http://172.18.112.1:3001
22/12/09 12:01:22 229 [debug]: server address => http://192.168.35.247:3001
22/12/09 12:01:22 230 [debug]: ------------------------------------------------
22/12/09 12:01:25 757 [debug]: 클라이언트가 접속했습니다.
22/12/09 12:01:25 758 [debug]: @@@@@@ [object Object]
22/12/09 12:01:25 759 [debug]: [GET] http://localhost:3001/
22/12/09 12:01:40 411 [debug]: ------------------------------------------------
22/12/09 12:01:40 414 [debug]: |             Start Express Server             |
22/12/09 12:01:40 415 [debug]: ------------------------------------------------
22/12/09 12:01:40 416 [debug]: server address => http://172.18.112.1:3001
22/12/09 12:01:40 417 [debug]: server address => http://192.168.35.247:3001
22/12/09 12:01:40 417 [debug]: ------------------------------------------------
22/12/09 12:01:43 332 [debug]: 클라이언트가 접속했습니다.
22/12/09 12:01:43 333 [debug]: @@@@@@ undefined
22/12/09 12:01:43 335 [debug]: [GET] http://localhost:3001/
22/12/09 12:03:22 426 [debug]: ------------------------------------------------
22/12/09 12:03:22 429 [debug]: |             Start Express Server             |
22/12/09 12:03:22 430 [debug]: ------------------------------------------------
22/12/09 12:03:22 431 [debug]: server address => http://172.18.112.1:3001
22/12/09 12:03:22 432 [debug]: server address => http://192.168.35.247:3001
22/12/09 12:03:22 432 [debug]: ------------------------------------------------
22/12/09 12:04:31 222 [debug]: ------------------------------------------------
22/12/09 12:04:31 224 [debug]: |             Start Express Server             |
22/12/09 12:04:31 225 [debug]: ------------------------------------------------
22/12/09 12:04:31 226 [debug]: server address => http://172.18.112.1:3001
22/12/09 12:04:31 226 [debug]: server address => http://192.168.35.247:3001
22/12/09 12:04:31 227 [debug]: ------------------------------------------------
22/12/09 12:04:32 616 [debug]: 클라이언트가 접속했습니다.
22/12/09 12:04:32 617 [debug]: @@@@@@ undefined
22/12/09 12:04:32 618 [debug]: [GET] http://localhost:3001/
22/12/09 12:04:37 172 [debug]: ------------------------------------------------
22/12/09 12:04:37 174 [debug]: |             Start Express Server             |
22/12/09 12:04:37 175 [debug]: ------------------------------------------------
22/12/09 12:04:37 175 [debug]: server address => http://172.18.112.1:3001
22/12/09 12:04:37 176 [debug]: server address => http://192.168.35.247:3001
22/12/09 12:04:37 177 [debug]: ------------------------------------------------
22/12/09 12:04:46 569 [debug]: 클라이언트가 접속했습니다.
22/12/09 12:04:46 570 [debug]: @@@@@@ undefined
22/12/09 12:04:46 571 [debug]: [GET] http://localhost:3001/
22/12/09 12:05:35 325 [debug]: ------------------------------------------------
22/12/09 12:05:35 327 [debug]: |             Start Express Server             |
22/12/09 12:05:35 328 [debug]: ------------------------------------------------
22/12/09 12:05:35 329 [debug]: server address => http://172.18.112.1:3001
22/12/09 12:05:35 329 [debug]: server address => http://192.168.35.247:3001
22/12/09 12:05:35 330 [debug]: ------------------------------------------------
22/12/09 12:05:36 913 [debug]: 클라이언트가 접속했습니다.
22/12/09 12:05:36 914 [debug]: @@@@@@ [object Object]
22/12/09 12:05:36 915 [debug]: [GET] http://localhost:3001/
22/12/09 12:05:36 916 [debug]: [client] ::1 / Windows 10.0 / Chrome / 108.0.0.0 / Microsoft Windows
22/12/09 12:05:36 922 [debug]: 클라이언트의 접속이 종료되었습니다. ::: [runtime] 8ms
22/12/09 12:05:36 923 [debug]: --------------------------------------------------------
22/12/09 12:05:50 210 [debug]: ------------------------------------------------
22/12/09 12:05:50 213 [debug]: |             Start Express Server             |
22/12/09 12:05:50 214 [debug]: ------------------------------------------------
22/12/09 12:05:50 214 [debug]: server address => http://172.18.112.1:3001
22/12/09 12:05:50 215 [debug]: server address => http://192.168.35.247:3001
22/12/09 12:05:50 216 [debug]: ------------------------------------------------
22/12/09 12:05:53 629 [debug]: 클라이언트가 접속했습니다.
22/12/09 12:05:53 631 [debug]: [GET] http://localhost:3001/
22/12/09 12:05:53 631 [debug]: [client] ::1 / Windows 10.0 / Chrome / 108.0.0.0 / Microsoft Windows
22/12/09 12:05:53 637 [debug]: 클라이언트의 접속이 종료되었습니다. ::: [runtime] 7ms
22/12/09 12:05:53 638 [debug]: --------------------------------------------------------
22/12/09 12:06:38 325 [debug]: 클라이언트가 접속했습니다.
22/12/09 12:06:38 326 [debug]: [GET] http://localhost:3001/page1
22/12/09 12:06:38 327 [debug]: [client] ::1 / Windows 10.0 / Chrome / 108.0.0.0 / Microsoft Windows
22/12/09 12:06:38 332 [debug]: 클라이언트의 접속이 종료되었습니다. ::: [runtime] 6ms
22/12/09 12:06:38 333 [debug]: --------------------------------------------------------
22/12/09 12:06:38 369 [debug]: 클라이언트가 접속했습니다.
22/12/09 12:06:38 369 [debug]: [GET] http://localhost:3001/favicon.ico
22/12/09 12:06:38 370 [debug]: [client] ::1 / Windows 10.0 / Chrome / 108.0.0.0 / Microsoft Windows
22/12/09 12:06:38 374 [debug]: 클라이언트의 접속이 종료되었습니다. ::: [runtime] 5ms
22/12/09 12:06:38 374 [debug]: --------------------------------------------------------
22/12/09 12:06:49 209 [debug]: 클라이언트가 접속했습니다.
22/12/09 12:06:49 210 [debug]: [GET] http://localhost:3001/page2
22/12/09 12:06:49 211 [debug]: [client] ::1 / Windows 10.0 / Chrome / 108.0.0.0 / Microsoft Windows
22/12/09 12:06:49 214 [debug]: 클라이언트의 접속이 종료되었습니다. ::: [runtime] 4ms
22/12/09 12:06:49 214 [debug]: --------------------------------------------------------
22/12/09 12:06:52 115 [debug]: 클라이언트가 접속했습니다.
22/12/09 12:06:52 115 [debug]: [GET] http://localhost:3001/page3
22/12/09 12:06:52 116 [debug]: [client] ::1 / Windows 10.0 / Chrome / 108.0.0.0 / Microsoft Windows
22/12/09 12:06:52 121 [debug]: 클라이언트의 접속이 종료되었습니다. ::: [runtime] 6ms
22/12/09 12:06:52 122 [debug]: --------------------------------------------------------
22/12/09 12:06:56 071 [debug]: 클라이언트가 접속했습니다.
22/12/09 12:06:56 071 [debug]: [GET] http://localhost:3001/page1
22/12/09 12:06:56 072 [debug]: [client] ::1 / Windows 10.0 / Chrome / 108.0.0.0 / Microsoft Windows
22/12/09 12:06:56 074 [debug]: 클라이언트의 접속이 종료되었습니다. ::: [runtime] 3ms
22/12/09 12:06:56 074 [debug]: --------------------------------------------------------
22/12/09 12:07:08 001 [debug]: 클라이언트가 접속했습니다.
22/12/09 12:07:08 002 [debug]: [GET] http://localhost:3001/page1
22/12/09 12:07:08 003 [debug]: [client] ::1 / Windows 10.0 / Chrome / 108.0.0.0 / Microsoft Windows
22/12/09 12:07:08 005 [debug]: 클라이언트의 접속이 종료되었습니다. ::: [runtime] 3ms
22/12/09 12:07:08 005 [debug]: --------------------------------------------------------
22/12/09 12:08:33 405 [debug]: 클라이언트가 접속했습니다.
22/12/09 12:08:33 406 [debug]: [GET] http://localhost:3001/page2
22/12/09 12:08:33 406 [debug]: [client] ::1 / Windows 10.0 / Chrome / 108.0.0.0 / Microsoft Windows
22/12/09 12:08:33 408 [debug]: 클라이언트의 접속이 종료되었습니다. ::: [runtime] 3ms
22/12/09 12:08:33 409 [debug]: --------------------------------------------------------
22/12/09 12:10:56 392 [debug]: ------------------------------------------------
22/12/09 12:10:56 395 [debug]: |             Start Express Server             |
22/12/09 12:10:56 396 [debug]: ------------------------------------------------
22/12/09 12:10:56 396 [debug]: server address => http://172.18.112.1:3001
22/12/09 12:10:56 397 [debug]: server address => http://192.168.35.247:3001
22/12/09 12:10:56 398 [debug]: ------------------------------------------------
22/12/09 12:10:57 622 [debug]: 클라이언트가 접속했습니다.
22/12/09 12:10:57 624 [debug]: [GET] http://localhost:3001/page2
22/12/09 12:10:57 625 [debug]: [client] ::1 / Windows 10.0 / Chrome / 108.0.0.0 / Microsoft Windows
22/12/09 12:10:57 635 [debug]: 클라이언트의 접속이 종료되었습니다. ::: [runtime] 12ms
22/12/09 12:10:57 636 [debug]: --------------------------------------------------------
22/12/09 12:11:06 920 [debug]: ------------------------------------------------
22/12/09 12:11:06 922 [debug]: |             Start Express Server             |
22/12/09 12:11:06 923 [debug]: ------------------------------------------------
22/12/09 12:11:06 924 [debug]: server address => http://172.18.112.1:3001
22/12/09 12:11:06 924 [debug]: server address => http://192.168.35.247:3001
22/12/09 12:11:06 925 [debug]: ------------------------------------------------
22/12/09 12:11:07 926 [debug]: 클라이언트가 접속했습니다.
22/12/09 12:11:07 927 [debug]: [GET] http://localhost:3001/page2
22/12/09 12:11:07 928 [debug]: [client] ::1 / Windows 10.0 / Chrome / 108.0.0.0 / Microsoft Windows
22/12/09 12:11:07 937 [debug]: 클라이언트의 접속이 종료되었습니다. ::: [runtime] 10ms
22/12/09 12:11:07 938 [debug]: --------------------------------------------------------
22/12/09 12:11:11 731 [debug]: ------------------------------------------------
22/12/09 12:11:11 735 [debug]: |             Start Express Server             |
22/12/09 12:11:11 736 [debug]: ------------------------------------------------
22/12/09 12:11:11 737 [debug]: server address => http://172.18.112.1:3001
22/12/09 12:11:11 738 [debug]: server address => http://192.168.35.247:3001
22/12/09 12:11:11 739 [debug]: ------------------------------------------------
22/12/09 12:11:12 496 [debug]: 클라이언트가 접속했습니다.
22/12/09 12:11:12 498 [debug]: [GET] http://localhost:3001/page2
22/12/09 12:11:12 499 [debug]: [client] ::1 / Windows 10.0 / Chrome / 108.0.0.0 / Microsoft Windows
22/12/09 12:11:12 510 [debug]: 클라이언트의 접속이 종료되었습니다. ::: [runtime] 12ms
22/12/09 12:11:12 512 [debug]: --------------------------------------------------------
22/12/09 12:11:58 810 [debug]: 클라이언트가 접속했습니다.
22/12/09 12:11:58 811 [debug]: [GET] http://localhost:3001/page1
22/12/09 12:11:58 812 [debug]: [client] ::1 / Windows 10.0 / Chrome / 108.0.0.0 / Microsoft Windows
22/12/09 12:11:58 816 [debug]: 클라이언트의 접속이 종료되었습니다. ::: [runtime] 5ms
22/12/09 12:11:58 816 [debug]: --------------------------------------------------------
22/12/09 12:12:03 564 [debug]: 클라이언트가 접속했습니다.
22/12/09 12:12:03 565 [debug]: [GET] http://localhost:3001/page1
22/12/09 12:12:03 566 [debug]: [client] ::1 / Windows 10.0 / Chrome / 108.0.0.0 / Microsoft Windows
22/12/09 12:12:03 568 [debug]: 클라이언트의 접속이 종료되었습니다. ::: [runtime] 3ms
22/12/09 12:12:03 569 [debug]: --------------------------------------------------------
22/12/09 12:12:05 183 [debug]: 클라이언트가 접속했습니다.
22/12/09 12:12:05 184 [debug]: [GET] http://localhost:3001/page1
22/12/09 12:12:05 184 [debug]: [client] ::1 / Windows 10.0 / Chrome / 108.0.0.0 / Microsoft Windows
22/12/09 12:12:05 186 [debug]: 클라이언트의 접속이 종료되었습니다. ::: [runtime] 2ms
22/12/09 12:12:05 187 [debug]: --------------------------------------------------------
22/12/09 12:19:34 707 [debug]: 백엔드가 종료되었습니다.
22/12/09 12:19:37 795 [debug]: ------------------------------------------------
22/12/09 12:19:37 797 [debug]: |             Start Express Server             |
22/12/09 12:19:37 798 [debug]: ------------------------------------------------
22/12/09 12:19:37 799 [debug]: server address => http://172.18.112.1:3001
22/12/09 12:19:37 800 [debug]: server address => http://192.168.35.247:3001
22/12/09 12:19:37 800 [debug]: ------------------------------------------------
22/12/09 12:19:45 186 [debug]: 클라이언트가 접속했습니다.
22/12/09 12:19:45 187 [debug]: [GET] http://localhost:3001/page1
22/12/09 12:19:45 188 [debug]: [client] ::1 / Windows 10.0 / Chrome / 108.0.0.0 / Microsoft Windows
22/12/09 12:19:45 198 [debug]: 클라이언트의 접속이 종료되었습니다. ::: [runtime] 11ms
22/12/09 12:19:45 198 [debug]: --------------------------------------------------------
22/12/09 12:19:53 114 [debug]: 클라이언트가 접속했습니다.
22/12/09 12:19:53 115 [debug]: [GET] http://localhost:3001/page1
22/12/09 12:19:53 115 [debug]: [client] ::1 / Windows 10.0 / Chrome / 108.0.0.0 / Microsoft Windows
22/12/09 12:19:53 119 [debug]: 클라이언트의 접속이 종료되었습니다. ::: [runtime] 5ms
22/12/09 12:19:53 119 [debug]: --------------------------------------------------------
22/12/09 12:19:58 790 [debug]: 클라이언트가 접속했습니다.
22/12/09 12:19:58 790 [debug]: [GET] http://localhost:3001/page2
22/12/09 12:19:58 791 [debug]: [client] ::1 / Windows 10.0 / Chrome / 108.0.0.0 / Microsoft Windows
22/12/09 12:19:58 793 [debug]: 클라이언트의 접속이 종료되었습니다. ::: [runtime] 3ms
22/12/09 12:19:58 794 [debug]: --------------------------------------------------------
22/12/09 12:20:03 829 [debug]: 클라이언트가 접속했습니다.
22/12/09 12:20:03 829 [debug]: [GET] http://localhost:3001/page1
22/12/09 12:20:03 830 [debug]: [client] ::1 / Windows 10.0 / Chrome / 108.0.0.0 / Microsoft Windows
22/12/09 12:20:03 832 [debug]: 클라이언트의 접속이 종료되었습니다. ::: [runtime] 3ms
22/12/09 12:20:03 833 [debug]: --------------------------------------------------------
22/12/09 12:54:32 496 [debug]: 클라이언트가 접속했습니다.
22/12/09 12:54:32 498 [debug]: [GET] http://localhost:3001/page1
22/12/09 12:54:32 498 [debug]: [client] ::1 / Windows 10.0 / Chrome / 108.0.0.0 / Microsoft Windows
22/12/09 12:54:32 501 [debug]: 클라이언트의 접속이 종료되었습니다. ::: [runtime] 4ms
22/12/09 12:54:32 502 [debug]: --------------------------------------------------------
22/12/09 13:04:41 327 [debug]: 클라이언트가 접속했습니다.
22/12/09 13:04:41 328 [debug]: [GET] http://localhost:3001/public/get_params_by.ajax.html
22/12/09 13:04:41 328 [debug]: [client] ::1 / Windows 10.0 / Chrome / 108.0.0.0 / Microsoft Windows
22/12/09 13:04:41 331 [debug]: 클라이언트의 접속이 종료되었습니다. ::: [runtime] 4ms
22/12/09 13:04:41 332 [debug]: --------------------------------------------------------
22/12/09 13:04:57 669 [debug]: 클라이언트가 접속했습니다.
22/12/09 13:04:57 670 [debug]: [GET] http://localhost:3001/send_get/public/get_params_by.ajax.html
22/12/09 13:04:57 671 [debug]: [client] ::1 / Windows 10.0 / Chrome / 108.0.0.0 / Microsoft Windows
22/12/09 13:04:57 673 [debug]: 클라이언트의 접속이 종료되었습니다. ::: [runtime] 3ms
22/12/09 13:04:57 674 [debug]: --------------------------------------------------------
22/12/09 13:05:18 197 [debug]: 클라이언트가 접속했습니다.
22/12/09 13:05:18 198 [debug]: [GET] http://localhost:3001/send_get/
22/12/09 13:05:18 198 [debug]: [client] ::1 / Windows 10.0 / Chrome / 108.0.0.0 / Microsoft Windows
22/12/09 13:05:18 200 [debug]: 클라이언트의 접속이 종료되었습니다. ::: [runtime] 2ms
22/12/09 13:05:18 201 [debug]: --------------------------------------------------------
22/12/09 13:06:35 827 [debug]: 클라이언트가 접속했습니다.
22/12/09 13:06:35 828 [debug]: [GET] http://127.0.0.1:3001/10-Express(step3)/public/get_params_by_ajax.html
22/12/09 13:06:35 828 [debug]: [client] ::ffff:127.0.0.1 / Windows 10.0 / Chrome / 108.0.0.0 / Microsoft Windows
22/12/09 13:06:35 831 [debug]: 클라이언트의 접속이 종료되었습니다. ::: [runtime] 4ms
22/12/09 13:06:35 831 [debug]: --------------------------------------------------------
22/12/09 13:14:51 445 [debug]: 백엔드가 종료되었습니다.
22/12/09 15:09:12 211 [debug]: ------------------------------------------------
22/12/09 15:09:12 213 [debug]: |             Start Express Server             |
22/12/09 15:09:12 214 [debug]: ------------------------------------------------
22/12/09 15:09:12 215 [debug]: server address => http://172.18.112.1:3001
22/12/09 15:09:12 215 [debug]: server address => http://192.168.35.247:3001
22/12/09 15:09:12 216 [debug]: ------------------------------------------------
22/12/09 15:10:05 649 [debug]: 클라이언트가 접속했습니다.
22/12/09 15:10:05 651 [debug]: [GET] http://localhost:3001/
22/12/09 15:10:05 651 [debug]: [client] ::1 / Windows 10.0 / Chrome / 108.0.0.0 / Microsoft Windows
22/12/09 15:10:05 659 [debug]: 클라이언트의 접속이 종료되었습니다. ::: [runtime] 9ms
22/12/09 15:10:05 660 [debug]: --------------------------------------------------------
22/12/09 15:10:15 357 [debug]: 클라이언트가 접속했습니다.
22/12/09 15:10:15 357 [debug]: [GET] http://localhost:3001/public/get_params_by_js.html
22/12/09 15:10:15 358 [debug]: [client] ::1 / Windows 10.0 / Chrome / 108.0.0.0 / Microsoft Windows
22/12/09 15:10:15 360 [debug]: 클라이언트의 접속이 종료되었습니다. ::: [runtime] 3ms
22/12/09 15:10:15 361 [debug]: --------------------------------------------------------
22/12/09 15:10:28 466 [debug]: 클라이언트가 접속했습니다.
22/12/09 15:10:28 466 [debug]: [GET] http://localhost:3001/get_params_by_js.html
22/12/09 15:10:28 467 [debug]: [client] ::1 / Windows 10.0 / Chrome / 108.0.0.0 / Microsoft Windows
22/12/09 15:10:28 470 [debug]: 클라이언트의 접속이 종료되었습니다. ::: [runtime] 4ms
22/12/09 15:10:28 471 [debug]: --------------------------------------------------------
22/12/09 15:10:34 203 [debug]: 클라이언트가 접속했습니다.
22/12/09 15:10:34 204 [debug]: [GET] http://localhost:3001/send_get?answer=100
22/12/09 15:10:34 205 [debug]: [client] ::1 / Windows 10.0 / Chrome / 108.0.0.0 / Microsoft Windows
22/12/09 15:10:34 207 [debug]: [프론트엔드로부터 전달받은 GET 파리마터]
22/12/09 15:10:34 207 [debug]: 	 >>answer=100
22/12/09 15:10:34 210 [debug]: 클라이언트의 접속이 종료되었습니다. ::: [runtime] 6ms
22/12/09 15:10:34 211 [debug]: --------------------------------------------------------
22/12/09 15:10:37 224 [debug]: 클라이언트가 접속했습니다.
22/12/09 15:10:37 224 [debug]: [GET] http://localhost:3001/send_get?answer=300
22/12/09 15:10:37 225 [debug]: [client] ::1 / Windows 10.0 / Chrome / 108.0.0.0 / Microsoft Windows
22/12/09 15:10:37 226 [debug]: [프론트엔드로부터 전달받은 GET 파리마터]
22/12/09 15:10:37 227 [debug]: 	 >>answer=300
22/12/09 15:10:37 228 [debug]: 클라이언트의 접속이 종료되었습니다. ::: [runtime] 4ms
22/12/09 15:10:37 228 [debug]: --------------------------------------------------------
22/12/09 15:10:41 223 [debug]: 클라이언트가 접속했습니다.
22/12/09 15:10:41 223 [debug]: [GET] http://localhost:3001/send_get?answer=400
22/12/09 15:10:41 224 [debug]: [client] ::1 / Windows 10.0 / Chrome / 108.0.0.0 / Microsoft Windows
22/12/09 15:10:41 225 [debug]: [프론트엔드로부터 전달받은 GET 파리마터]
22/12/09 15:10:41 226 [debug]: 	 >>answer=400
22/12/09 15:10:41 227 [debug]: 클라이언트의 접속이 종료되었습니다. ::: [runtime] 4ms
22/12/09 15:10:41 227 [debug]: --------------------------------------------------------
22/12/09 15:10:59 462 [debug]: 클라이언트가 접속했습니다.
22/12/09 15:10:59 463 [debug]: [GET] http://localhost:3001/get_params_by_form.html
22/12/09 15:10:59 463 [debug]: [client] ::1 / Windows 10.0 / Chrome / 108.0.0.0 / Microsoft Windows
22/12/09 15:10:59 465 [debug]: 클라이언트의 접속이 종료되었습니다. ::: [runtime] 2ms
22/12/09 15:10:59 466 [debug]: --------------------------------------------------------
22/12/09 15:11:10 667 [debug]: 클라이언트가 접속했습니다.
22/12/09 15:11:10 667 [debug]: [GET] http://localhost:3001/send_get?answer=300&username=zzemoo&password=1234&email=coflan1228@gmail.com
22/12/09 15:11:10 668 [debug]: [client] ::1 / Windows 10.0 / Chrome / 108.0.0.0 / Microsoft Windows
22/12/09 15:11:10 669 [debug]: [프론트엔드로부터 전달받은 GET 파리마터]
22/12/09 15:11:10 670 [debug]: 	 >>answer=300
22/12/09 15:11:10 671 [debug]: 	 >>username=zzemoo
22/12/09 15:11:10 671 [debug]: 	 >>password=1234
22/12/09 15:11:10 672 [debug]: 	 >>email=coflan1228@gmail.com
22/12/09 15:11:10 673 [debug]: 클라이언트의 접속이 종료되었습니다. ::: [runtime] 6ms
22/12/09 15:11:10 674 [debug]: --------------------------------------------------------
22/12/09 15:11:28 433 [debug]: 클라이언트가 접속했습니다.
22/12/09 15:11:28 434 [debug]: [GET] http://localhost:3001/get_params_by_link.html
22/12/09 15:11:28 434 [debug]: [client] ::1 / Windows 10.0 / Chrome / 108.0.0.0 / Microsoft Windows
22/12/09 15:11:28 437 [debug]: 클라이언트의 접속이 종료되었습니다. ::: [runtime] 3ms
22/12/09 15:11:28 437 [debug]: --------------------------------------------------------
22/12/09 15:11:30 769 [debug]: 클라이언트가 접속했습니다.
22/12/09 15:11:30 770 [debug]: [GET] http://localhost:3001/send_get?answer=200&myname=nodejs
22/12/09 15:11:30 770 [debug]: [client] ::1 / Windows 10.0 / Chrome / 108.0.0.0 / Microsoft Windows
22/12/09 15:11:30 772 [debug]: [프론트엔드로부터 전달받은 GET 파리마터]
22/12/09 15:11:30 773 [debug]: 	 >>answer=200
22/12/09 15:11:30 773 [debug]: 	 >>myname=nodejs
22/12/09 15:11:30 775 [debug]: 클라이언트의 접속이 종료되었습니다. ::: [runtime] 6ms
22/12/09 15:11:30 775 [debug]: --------------------------------------------------------
22/12/09 15:11:34 157 [debug]: 클라이언트가 접속했습니다.
22/12/09 15:11:34 158 [debug]: [GET] http://localhost:3001/send_get?answer=100&message=helloworld
22/12/09 15:11:34 158 [debug]: [client] ::1 / Windows 10.0 / Chrome / 108.0.0.0 / Microsoft Windows
22/12/09 15:11:34 160 [debug]: [프론트엔드로부터 전달받은 GET 파리마터]
22/12/09 15:11:34 160 [debug]: 	 >>answer=100
22/12/09 15:11:34 161 [debug]: 	 >>message=helloworld
22/12/09 15:11:34 162 [debug]: 클라이언트의 접속이 종료되었습니다. ::: [runtime] 4ms
22/12/09 15:11:34 162 [debug]: --------------------------------------------------------
22/12/09 15:11:43 294 [debug]: 클라이언트가 접속했습니다.
22/12/09 15:11:43 294 [debug]: [GET] http://localhost:3001/get_params_by_js.html
22/12/09 15:11:43 295 [debug]: [client] ::1 / Windows 10.0 / Chrome / 108.0.0.0 / Microsoft Windows
22/12/09 15:11:43 297 [debug]: 클라이언트의 접속이 종료되었습니다. ::: [runtime] 3ms
22/12/09 15:11:43 298 [debug]: --------------------------------------------------------
22/12/09 15:11:46 463 [debug]: 클라이언트가 접속했습니다.
22/12/09 15:11:46 464 [debug]: [GET] http://localhost:3001/send_get?answer=400
22/12/09 15:11:46 464 [debug]: [client] ::1 / Windows 10.0 / Chrome / 108.0.0.0 / Microsoft Windows
22/12/09 15:11:46 466 [debug]: [프론트엔드로부터 전달받은 GET 파리마터]
22/12/09 15:11:46 466 [debug]: 	 >>answer=400
22/12/09 15:11:46 467 [debug]: 클라이언트의 접속이 종료되었습니다. ::: [runtime] 3ms
22/12/09 15:11:46 468 [debug]: --------------------------------------------------------
22/12/09 15:11:51 729 [debug]: 클라이언트가 접속했습니다.
22/12/09 15:11:51 730 [debug]: [GET] http://localhost:3001/get_params_by_ajax.html
22/12/09 15:11:51 730 [debug]: [client] ::1 / Windows 10.0 / Chrome / 108.0.0.0 / Microsoft Windows
22/12/09 15:11:51 733 [debug]: 클라이언트의 접속이 종료되었습니다. ::: [runtime] 3ms
22/12/09 15:11:51 734 [debug]: --------------------------------------------------------
22/12/09 15:11:55 744 [debug]: 클라이언트가 접속했습니다.
22/12/09 15:11:55 745 [debug]: [GET] http://localhost:3001/send_get?answer=100&myname=axios&birth=2022-09-25
22/12/09 15:11:55 746 [debug]: [client] ::1 / Windows 10.0 / Chrome / 108.0.0.0 / Microsoft Windows
22/12/09 15:11:55 747 [debug]: [프론트엔드로부터 전달받은 GET 파리마터]
22/12/09 15:11:55 747 [debug]: 	 >>answer=100
22/12/09 15:11:55 748 [debug]: 	 >>myname=axios
22/12/09 15:11:55 748 [debug]: 	 >>birth=2022-09-25
22/12/09 15:11:55 749 [debug]: 클라이언트의 접속이 종료되었습니다. ::: [runtime] 4ms
22/12/09 15:11:55 749 [debug]: --------------------------------------------------------
22/12/09 15:11:57 071 [debug]: 클라이언트가 접속했습니다.
22/12/09 15:11:57 072 [debug]: [GET] http://localhost:3001/send_get?answer=300&myname=axios&birth=2022-09-25
22/12/09 15:11:57 073 [debug]: [client] ::1 / Windows 10.0 / Chrome / 108.0.0.0 / Microsoft Windows
22/12/09 15:11:57 073 [debug]: [프론트엔드로부터 전달받은 GET 파리마터]
22/12/09 15:11:57 073 [debug]: 	 >>answer=300
22/12/09 15:11:57 074 [debug]: 	 >>myname=axios
22/12/09 15:11:57 074 [debug]: 	 >>birth=2022-09-25
22/12/09 15:11:57 075 [debug]: 클라이언트의 접속이 종료되었습니다. ::: [runtime] 3ms
22/12/09 15:11:57 075 [debug]: --------------------------------------------------------
22/12/09 15:11:58 344 [debug]: 클라이언트가 접속했습니다.
22/12/09 15:11:58 345 [debug]: [GET] http://localhost:3001/send_get?answer=400&myname=axios&birth=2022-09-25
22/12/09 15:11:58 345 [debug]: [client] ::1 / Windows 10.0 / Chrome / 108.0.0.0 / Microsoft Windows
22/12/09 15:11:58 346 [debug]: [프론트엔드로부터 전달받은 GET 파리마터]
22/12/09 15:11:58 346 [debug]: 	 >>answer=400
22/12/09 15:11:58 347 [debug]: 	 >>myname=axios
22/12/09 15:11:58 347 [debug]: 	 >>birth=2022-09-25
22/12/09 15:11:58 348 [debug]: 클라이언트의 접속이 종료되었습니다. ::: [runtime] 3ms
22/12/09 15:11:58 348 [debug]: --------------------------------------------------------
22/12/09 15:11:59 670 [debug]: 클라이언트가 접속했습니다.
22/12/09 15:11:59 670 [debug]: [GET] http://localhost:3001/send_get?answer=500&myname=axios&birth=2022-09-25
22/12/09 15:11:59 671 [debug]: [client] ::1 / Windows 10.0 / Chrome / 108.0.0.0 / Microsoft Windows
22/12/09 15:11:59 672 [debug]: [프론트엔드로부터 전달받은 GET 파리마터]
22/12/09 15:11:59 673 [debug]: 	 >>answer=500
22/12/09 15:11:59 673 [debug]: 	 >>myname=axios
22/12/09 15:11:59 674 [debug]: 	 >>birth=2022-09-25
22/12/09 15:11:59 675 [debug]: 클라이언트의 접속이 종료되었습니다. ::: [runtime] 5ms
22/12/09 15:11:59 675 [debug]: --------------------------------------------------------
22/12/09 15:12:01 261 [debug]: 클라이언트가 접속했습니다.
22/12/09 15:12:01 261 [debug]: [GET] http://localhost:3001/send_get?answer=300&myname=axios&birth=2022-09-25
22/12/09 15:12:01 262 [debug]: [client] ::1 / Windows 10.0 / Chrome / 108.0.0.0 / Microsoft Windows
22/12/09 15:12:01 263 [debug]: [프론트엔드로부터 전달받은 GET 파리마터]
22/12/09 15:12:01 263 [debug]: 	 >>answer=300
22/12/09 15:12:01 263 [debug]: 	 >>myname=axios
22/12/09 15:12:01 264 [debug]: 	 >>birth=2022-09-25
22/12/09 15:12:01 264 [debug]: 클라이언트의 접속이 종료되었습니다. ::: [runtime] 3ms
22/12/09 15:12:01 265 [debug]: --------------------------------------------------------
